# JRE version: OpenJDK Runtime Environment (11.0.10) (build 11.0.10+0-b96-7249189)
# Java VM: OpenJDK 64-Bit Server VM (11.0.10+0-b96-7249189, mixed mode, tiered, compressed oops, g1 gc, windows-amd64)
Heap:
 garbage-first heap   total 319488K, used 190976K [0x0000000080000000, 0x0000000100000000)
  region size 1024K, 6 young (6144K), 6 survivors (6144K)
 Metaspace       used 99179K, capacity 101423K, committed 102212K, reserved 1138688K
  class space    used 12868K, capacity 13700K, committed 13996K, reserved 1048576K
GC Heap History (20 events):
Event: 2.681 GC heap after
{Heap after GC invocations=5 (full 0):
 garbage-first heap   total 260096K, used 21883K [0x0000000080000000, 0x0000000100000000)
  region size 1024K, 6 young (6144K), 6 survivors (6144K)
 Metaspace       used 35017K, capacity 35830K, committed 35840K, reserved 1081344K
  class space    used 4534K, capacity 4864K, committed 4864K, reserved 1048576K
}
Event: 4.052 GC heap before
{Heap before GC invocations=6 (full 0):
 garbage-first heap   total 260096K, used 152955K [0x0000000080000000, 0x0000000100000000)
  region size 1024K, 131 young (134144K), 6 survivors (6144K)
 Metaspace       used 45297K, capacity 46375K, committed 46540K, reserved 1089536K
  class space    used 5819K, capacity 6259K, committed 6348K, reserved 1048576K
}
Event: 4.062 GC heap after
{Heap after GC invocations=7 (full 0):
 garbage-first heap   total 260096K, used 29150K [0x0000000080000000, 0x0000000100000000)
  region size 1024K, 13 young (13312K), 13 survivors (13312K)
 Metaspace       used 45297K, capacity 46375K, committed 46540K, reserved 1089536K
  class space    used 5819K, capacity 6259K, committed 6348K, reserved 1048576K
}
Event: 5.402 GC heap before
{Heap before GC invocations=7 (full 0):
 garbage-first heap   total 260096K, used 169438K [0x0000000080000000, 0x0000000100000000)
  region size 1024K, 144 young (147456K), 13 survivors (13312K)
 Metaspace       used 58630K, capacity 60150K, committed 60236K, reserved 1101824K
  class space    used 7399K, capacity 7970K, committed 8012K, reserved 1048576K
}
Event: 5.430 GC heap after
{Heap after GC invocations=8 (full 0):
 garbage-first heap   total 260096K, used 49255K [0x0000000080000000, 0x0000000100000000)
  region size 1024K, 19 young (19456K), 19 survivors (19456K)
 Metaspace       used 58630K, capacity 60150K, committed 60236K, reserved 1101824K
  class space    used 7399K, capacity 7970K, committed 8012K, reserved 1048576K
}
Event: 6.461 GC heap before
{Heap before GC invocations=9 (full 0):
 garbage-first heap   total 260096K, used 185447K [0x0000000080000000, 0x0000000100000000)
  region size 1024K, 152 young (155648K), 19 survivors (19456K)
 Metaspace       used 69900K, capacity 71504K, committed 71756K, reserved 1112064K
  class space    used 8840K, capacity 9430K, committed 9548K, reserved 1048576K
}
Event: 6.480 GC heap after
{Heap after GC invocations=10 (full 0):
 garbage-first heap   total 260096K, used 60099K [0x0000000080000000, 0x0000000100000000)
  region size 1024K, 12 young (12288K), 12 survivors (12288K)
 Metaspace       used 69900K, capacity 71504K, committed 71756K, reserved 1112064K
  class space    used 8840K, capacity 9430K, committed 9548K, reserved 1048576K
}
Event: 7.659 GC heap before
{Heap before GC invocations=10 (full 0):
 garbage-first heap   total 260096K, used 200387K [0x0000000080000000, 0x0000000100000000)
  region size 1024K, 144 young (147456K), 12 survivors (12288K)
 Metaspace       used 83017K, capacity 84844K, committed 85196K, reserved 1122304K
  class space    used 10694K, capacity 11348K, committed 11468K, reserved 1048576K
}
Event: 7.671 GC heap after
{Heap after GC invocations=11 (full 0):
 garbage-first heap   total 260096K, used 68436K [0x0000000080000000, 0x0000000100000000)
  region size 1024K, 10 young (10240K), 10 survivors (10240K)
 Metaspace       used 83017K, capacity 84844K, committed 85196K, reserved 1122304K
  class space    used 10694K, capacity 11348K, committed 11468K, reserved 1048576K
}
Event: 8.536 GC heap before
{Heap before GC invocations=11 (full 0):
 garbage-first heap   total 260096K, used 200532K [0x0000000080000000, 0x0000000100000000)
  region size 1024K, 140 young (143360K), 10 survivors (10240K)
 Metaspace       used 87795K, capacity 90165K, committed 90316K, reserved 1128448K
  class space    used 11290K, capacity 12154K, committed 12236K, reserved 1048576K
}
Event: 8.550 GC heap after
{Heap after GC invocations=12 (full 0):
 garbage-first heap   total 260096K, used 78347K [0x0000000080000000, 0x0000000100000000)
  region size 1024K, 18 young (18432K), 18 survivors (18432K)
 Metaspace       used 87795K, capacity 90165K, committed 90316K, reserved 1128448K
  class space    used 11290K, capacity 12154K, committed 12236K, reserved 1048576K
}
Event: 9.245 GC heap before
{Heap before GC invocations=12 (full 0):
 garbage-first heap   total 260096K, used 203275K [0x0000000080000000, 0x0000000100000000)
  region size 1024K, 141 young (144384K), 18 survivors (18432K)
 Metaspace       used 93671K, capacity 95996K, committed 96204K, reserved 1132544K
  class space    used 12016K, capacity 12884K, committed 13004K, reserved 1048576K
}
Event: 9.262 GC heap after
{Heap after GC invocations=13 (full 0):
 garbage-first heap   total 260096K, used 85460K [0x0000000080000000, 0x0000000100000000)
  region size 1024K, 8 young (8192K), 8 survivors (8192K)
 Metaspace       used 93671K, capacity 95996K, committed 96204K, reserved 1132544K
  class space    used 12016K, capacity 12884K, committed 13004K, reserved 1048576K
}
Event: 9.859 GC heap before
{Heap before GC invocations=13 (full 0):
 garbage-first heap   total 260096K, used 240084K [0x0000000080000000, 0x0000000100000000)
  region size 1024K, 127 young (130048K), 8 survivors (8192K)
 Metaspace       used 97275K, capacity 99758K, committed 100044K, reserved 1136640K
  class space    used 12516K, capacity 13426K, committed 13516K, reserved 1048576K
}
Event: 9.869 GC heap after
{Heap after GC invocations=14 (full 0):
 garbage-first heap   total 266240K, used 124571K [0x0000000080000000, 0x0000000100000000)
  region size 1024K, 16 young (16384K), 16 survivors (16384K)
 Metaspace       used 97275K, capacity 99758K, committed 100044K, reserved 1136640K
  class space    used 12516K, capacity 13426K, committed 13516K, reserved 1048576K
}
Event: 10.048 GC heap before
{Heap before GC invocations=14 (full 0):
 garbage-first heap   total 266240K, used 176795K [0x0000000080000000, 0x0000000100000000)
  region size 1024K, 66 young (67584K), 16 survivors (16384K)
 Metaspace       used 98480K, capacity 100936K, committed 101036K, reserved 1136640K
  class space    used 12799K, capacity 13722K, committed 13740K, reserved 1048576K
}
Event: 10.070 GC heap after
{Heap after GC invocations=15 (full 0):
 garbage-first heap   total 266240K, used 143672K [0x0000000080000000, 0x0000000100000000)
  region size 1024K, 13 young (13312K), 13 survivors (13312K)
 Metaspace       used 98480K, capacity 100936K, committed 101036K, reserved 1136640K
  class space    used 12799K, capacity 13722K, committed 13740K, reserved 1048576K
}
Event: 10.291 GC heap before
{Heap before GC invocations=16 (full 0):
 garbage-first heap   total 266240K, used 199992K [0x0000000080000000, 0x0000000100000000)
  region size 1024K, 69 young (70656K), 13 survivors (13312K)
 Metaspace       used 99169K, capacity 101423K, committed 102212K, reserved 1138688K
  class space    used 12868K, capacity 13700K, committed 13996K, reserved 1048576K
}
Event: 10.326 GC heap after
{Heap after GC invocations=17 (full 0):
 garbage-first heap   total 266240K, used 170944K [0x0000000080000000, 0x0000000100000000)
  region size 1024K, 9 young (9216K), 9 survivors (9216K)
 Metaspace       used 99169K, capacity 101423K, committed 102212K, reserved 1138688K
  class space    used 12868K, capacity 13700K, committed 13996K, reserved 1048576K
}
Event: 10.412 GC heap before
{Heap before GC invocations=17 (full 0):
 garbage-first heap   total 266240K, used 206784K [0x0000000080000000, 0x0000000100000000)
  region size 1024K, 45 young (46080K), 9 survivors (9216K)
 Metaspace       used 99179K, capacity 101423K, committed 102212K, reserved 1138688K
  class space    used 12868K, capacity 13700K, committed 13996K, reserved 1048576K
}

