# JRE version: Java(TM) SE Runtime Environment 18.9 (11.0.13+10) (build 11.0.13+10-LTS-370)
# Java VM: Java HotSpot(TM) 64-Bit Server VM 18.9 (11.0.13+10-LTS-370, mixed mode, tiered, compressed oops, g1 gc, windows-amd64)
Heap:
 garbage-first heap   total 260096K, used 169584K [0x0000000080000000, 0x0000000100000000)
  region size 1024K, 143 young (146432K), 12 survivors (12288K)
 Metaspace       used 56337K, capacity 57743K, committed 57856K, reserved 1099776K
  class space    used 7130K, capacity 7628K, committed 7680K, reserved 1048576K
GC Heap History (10 events):
Event: 0.892 GC heap before
{Heap before GC invocations=0 (full 0):
 garbage-first heap   total 260096K, used 29696K [0x0000000080000000, 0x0000000100000000)
  region size 1024K, 24 young (24576K), 0 survivors (0K)
 Metaspace       used 9969K, capacity 10209K, committed 10368K, reserved 1058816K
  class space    used 1038K, capacity 1106K, committed 1152K, reserved 1048576K
}
Event: 0.897 GC heap after
{Heap after GC invocations=1 (full 0):
 garbage-first heap   total 260096K, used 9158K [0x0000000080000000, 0x0000000100000000)
  region size 1024K, 3 young (3072K), 3 survivors (3072K)
 Metaspace       used 9969K, capacity 10209K, committed 10368K, reserved 1058816K
  class space    used 1038K, capacity 1106K, committed 1152K, reserved 1048576K
}
Event: 2.596 GC heap before
{Heap before GC invocations=1 (full 0):
 garbage-first heap   total 260096K, used 107462K [0x0000000080000000, 0x0000000100000000)
  region size 1024K, 100 young (102400K), 3 survivors (3072K)
 Metaspace       used 20548K, capacity 21126K, committed 21248K, reserved 1067008K
  class space    used 2528K, capacity 2704K, committed 2816K, reserved 1048576K
}
Event: 2.604 GC heap after
{Heap after GC invocations=2 (full 0):
 garbage-first heap   total 260096K, used 16675K [0x0000000080000000, 0x0000000100000000)
  region size 1024K, 11 young (11264K), 11 survivors (11264K)
 Metaspace       used 20548K, capacity 21126K, committed 21248K, reserved 1067008K
  class space    used 2528K, capacity 2704K, committed 2816K, reserved 1048576K
}
Event: 3.118 GC heap before
{Heap before GC invocations=3 (full 0):
 garbage-first heap   total 260096K, used 61731K [0x0000000080000000, 0x0000000100000000)
  region size 1024K, 56 young (57344K), 11 survivors (11264K)
 Metaspace       used 25064K, capacity 25749K, committed 25856K, reserved 1071104K
  class space    used 3291K, capacity 3505K, committed 3584K, reserved 1048576K
}
Event: 3.126 GC heap after
{Heap after GC invocations=4 (full 0):
 garbage-first heap   total 260096K, used 18513K [0x0000000080000000, 0x0000000100000000)
  region size 1024K, 3 young (3072K), 3 survivors (3072K)
 Metaspace       used 25064K, capacity 25749K, committed 25856K, reserved 1071104K
  class space    used 3291K, capacity 3505K, committed 3584K, reserved 1048576K
}
Event: 4.210 GC heap before
{Heap before GC invocations=4 (full 0):
 garbage-first heap   total 260096K, used 86097K [0x0000000080000000, 0x0000000100000000)
  region size 1024K, 70 young (71680K), 3 survivors (3072K)
 Metaspace       used 35000K, capacity 35818K, committed 35840K, reserved 1081344K
  class space    used 4533K, capacity 4847K, committed 4864K, reserved 1048576K
}
Event: 4.217 GC heap after
{Heap after GC invocations=5 (full 0):
 garbage-first heap   total 260096K, used 23711K [0x0000000080000000, 0x0000000100000000)
  region size 1024K, 8 young (8192K), 8 survivors (8192K)
 Metaspace       used 35000K, capacity 35818K, committed 35840K, reserved 1081344K
  class space    used 4533K, capacity 4847K, committed 4864K, reserved 1048576K
}
Event: 5.527 GC heap before
{Heap before GC invocations=6 (full 0):
 garbage-first heap   total 260096K, used 145567K [0x0000000080000000, 0x0000000100000000)
  region size 1024K, 124 young (126976K), 8 survivors (8192K)
 Metaspace       used 43894K, capacity 45040K, committed 45312K, reserved 1089536K
  class space    used 5665K, capacity 6084K, committed 6144K, reserved 1048576K
}
Event: 5.538 GC heap after
{Heap after GC invocations=7 (full 0):
 garbage-first heap   total 260096K, used 28272K [0x0000000080000000, 0x0000000100000000)
  region size 1024K, 12 young (12288K), 12 survivors (12288K)
 Metaspace       used 43894K, capacity 45040K, committed 45312K, reserved 1089536K
  class space    used 5665K, capacity 6084K, committed 6144K, reserved 1048576K
}

