# JRE version: OpenJDK Runtime Environment (11.0.10) (build 11.0.10+0-b96-7249189)
# Java VM: OpenJDK 64-Bit Server VM (11.0.10+0-b96-7249189, mixed mode, tiered, compressed oops, g1 gc, windows-amd64)
Heap:
 garbage-first heap   total 260096K, used 192560K [0x0000000080000000, 0x0000000100000000)
  region size 1024K, 99 young (101376K), 8 survivors (8192K)
 Metaspace       used 95317K, capacity 97909K, committed 98040K, reserved 1134592K
  class space    used 12177K, capacity 13144K, committed 13184K, reserved 1048576K
GC Heap History (20 events):
Event: 0.557 GC heap before
{Heap before GC invocations=0 (full 0):
 garbage-first heap   total 260096K, used 29696K [0x0000000080000000, 0x0000000100000000)
  region size 1024K, 24 young (24576K), 0 survivors (0K)
 Metaspace       used 10194K, capacity 10433K, committed 10624K, reserved 1058816K
  class space    used 1064K, capacity 1139K, committed 1152K, reserved 1048576K
}
Event: 0.560 GC heap after
{Heap after GC invocations=1 (full 0):
 garbage-first heap   total 260096K, used 9250K [0x0000000080000000, 0x0000000100000000)
  region size 1024K, 3 young (3072K), 3 survivors (3072K)
 Metaspace       used 10194K, capacity 10433K, committed 10624K, reserved 1058816K
  class space    used 1064K, capacity 1139K, committed 1152K, reserved 1048576K
}
Event: 1.627 GC heap before
{Heap before GC invocations=1 (full 0):
 garbage-first heap   total 260096K, used 105506K [0x0000000080000000, 0x0000000100000000)
  region size 1024K, 98 young (100352K), 3 survivors (3072K)
 Metaspace       used 20554K, capacity 21131K, committed 21248K, reserved 1067008K
  class space    used 2509K, capacity 2733K, committed 2816K, reserved 1048576K
}
Event: 1.633 GC heap after
{Heap after GC invocations=2 (full 0):
 garbage-first heap   total 260096K, used 16791K [0x0000000080000000, 0x0000000100000000)
  region size 1024K, 11 young (11264K), 11 survivors (11264K)
 Metaspace       used 20554K, capacity 21131K, committed 21248K, reserved 1067008K
  class space    used 2509K, capacity 2733K, committed 2816K, reserved 1048576K
}
Event: 1.925 GC heap before
{Heap before GC invocations=3 (full 0):
 garbage-first heap   total 260096K, used 63895K [0x0000000080000000, 0x0000000100000000)
  region size 1024K, 57 young (58368K), 11 survivors (11264K)
 Metaspace       used 25374K, capacity 26048K, committed 26368K, reserved 1073152K
  class space    used 3294K, capacity 3504K, committed 3584K, reserved 1048576K
}
Event: 1.930 GC heap after
{Heap after GC invocations=4 (full 0):
 garbage-first heap   total 260096K, used 18594K [0x0000000080000000, 0x0000000100000000)
  region size 1024K, 3 young (3072K), 3 survivors (3072K)
 Metaspace       used 25374K, capacity 26048K, committed 26368K, reserved 1073152K
  class space    used 3294K, capacity 3504K, committed 3584K, reserved 1048576K
}
Event: 2.591 GC heap before
{Heap before GC invocations=4 (full 0):
 garbage-first heap   total 260096K, used 100514K [0x0000000080000000, 0x0000000100000000)
  region size 1024K, 74 young (75776K), 3 survivors (3072K)
 Metaspace       used 34742K, capacity 35610K, committed 35840K, reserved 1081344K
  class space    used 4529K, capacity 4863K, committed 4864K, reserved 1048576K
}
Event: 2.600 GC heap after
{Heap after GC invocations=5 (full 0):
 garbage-first heap   total 260096K, used 35294K [0x0000000080000000, 0x0000000100000000)
  region size 1024K, 9 young (9216K), 9 survivors (9216K)
 Metaspace       used 34742K, capacity 35610K, committed 35840K, reserved 1081344K
  class space    used 4529K, capacity 4863K, committed 4864K, reserved 1048576K
}
Event: 3.428 GC heap before
{Heap before GC invocations=6 (full 0):
 garbage-first heap   total 260096K, used 163294K [0x0000000080000000, 0x0000000100000000)
  region size 1024K, 123 young (125952K), 9 survivors (9216K)
 Metaspace       used 44432K, capacity 45660K, committed 45772K, reserved 1089536K
  class space    used 5601K, capacity 6049K, committed 6144K, reserved 1048576K
}
Event: 3.442 GC heap after
{Heap after GC invocations=7 (full 0):
 garbage-first heap   total 260096K, used 52925K [0x0000000080000000, 0x0000000100000000)
  region size 1024K, 16 young (16384K), 16 survivors (16384K)
 Metaspace       used 44432K, capacity 45660K, committed 45772K, reserved 1089536K
  class space    used 5601K, capacity 6049K, committed 6144K, reserved 1048576K
}
Event: 4.307 GC heap before
{Heap before GC invocations=8 (full 0):
 garbage-first heap   total 260096K, used 186045K [0x0000000080000000, 0x0000000100000000)
  region size 1024K, 139 young (142336K), 16 survivors (16384K)
 Metaspace       used 51999K, capacity 53578K, committed 53836K, reserved 1095680K
  class space    used 6668K, capacity 7205K, committed 7296K, reserved 1048576K
}
Event: 4.319 GC heap after
{Heap after GC invocations=9 (full 0):
 garbage-first heap   total 260096K, used 72082K [0x0000000080000000, 0x0000000100000000)
  region size 1024K, 18 young (18432K), 18 survivors (18432K)
 Metaspace       used 51999K, capacity 53578K, committed 53836K, reserved 1095680K
  class space    used 6668K, capacity 7205K, committed 7296K, reserved 1048576K
}
Event: 5.329 GC heap before
{Heap before GC invocations=9 (full 0):
 garbage-first heap   total 260096K, used 192914K [0x0000000080000000, 0x0000000100000000)
  region size 1024K, 136 young (139264K), 18 survivors (18432K)
 Metaspace       used 66997K, capacity 68850K, committed 69068K, reserved 1110016K
  class space    used 8502K, capacity 9125K, committed 9216K, reserved 1048576K
}
Event: 5.341 GC heap after
{Heap after GC invocations=10 (full 0):
 garbage-first heap   total 260096K, used 80265K [0x0000000080000000, 0x0000000100000000)
  region size 1024K, 8 young (8192K), 8 survivors (8192K)
 Metaspace       used 66997K, capacity 68850K, committed 69068K, reserved 1110016K
  class space    used 8502K, capacity 9125K, committed 9216K, reserved 1048576K
}
Event: 6.040 GC heap before
{Heap before GC invocations=10 (full 0):
 garbage-first heap   total 260096K, used 170377K [0x0000000080000000, 0x0000000100000000)
  region size 1024K, 97 young (99328K), 8 survivors (8192K)
 Metaspace       used 74601K, capacity 76477K, committed 76620K, reserved 1116160K
  class space    used 9588K, capacity 10252K, committed 10368K, reserved 1048576K
}
Event: 6.049 GC heap after
{Heap after GC invocations=11 (full 0):
 garbage-first heap   total 260096K, used 86241K [0x0000000080000000, 0x0000000100000000)
  region size 1024K, 14 young (14336K), 14 survivors (14336K)
 Metaspace       used 74601K, capacity 76477K, committed 76620K, reserved 1116160K
  class space    used 9588K, capacity 10252K, committed 10368K, reserved 1048576K
}
Event: 6.875 GC heap before
{Heap before GC invocations=12 (full 0):
 garbage-first heap   total 260096K, used 196833K [0x0000000080000000, 0x0000000100000000)
  region size 1024K, 123 young (125952K), 14 survivors (14336K)
 Metaspace       used 82463K, capacity 84575K, committed 84728K, reserved 1122304K
  class space    used 10569K, capacity 11311K, committed 11392K, reserved 1048576K
}
Event: 6.888 GC heap after
{Heap after GC invocations=13 (full 0):
 garbage-first heap   total 260096K, used 94474K [0x0000000080000000, 0x0000000100000000)
  region size 1024K, 15 young (15360K), 15 survivors (15360K)
 Metaspace       used 82463K, capacity 84575K, committed 84728K, reserved 1122304K
  class space    used 10569K, capacity 11311K, committed 11392K, reserved 1048576K
}
Event: 7.802 GC heap before
{Heap before GC invocations=13 (full 0):
 garbage-first heap   total 260096K, used 201994K [0x0000000080000000, 0x0000000100000000)
  region size 1024K, 120 young (122880K), 15 survivors (15360K)
 Metaspace       used 92977K, capacity 95326K, committed 95608K, reserved 1132544K
  class space    used 11891K, capacity 12751K, committed 12800K, reserved 1048576K
}
Event: 7.814 GC heap after
{Heap after GC invocations=14 (full 0):
 garbage-first heap   total 260096K, used 101424K [0x0000000080000000, 0x0000000100000000)
  region size 1024K, 8 young (8192K), 8 survivors (8192K)
 Metaspace       used 92977K, capacity 95326K, committed 95608K, reserved 1132544K
  class space    used 11891K, capacity 12751K, committed 12800K, reserved 1048576K
}

