# JRE version: Java(TM) SE Runtime Environment 18.9 (11.0.13+10) (build 11.0.13+10-LTS-370)
# Java VM: Java HotSpot(TM) 64-Bit Server VM 18.9 (11.0.13+10-LTS-370, mixed mode, tiered, compressed oops, g1 gc, windows-amd64)
Heap:
 garbage-first heap   total 260096K, used 72065K [0x0000000080000000, 0x0000000100000000)
  region size 1024K, 56 young (57344K), 12 survivors (12288K)
 Metaspace       used 45906K, capacity 47189K, committed 47360K, reserved 1089536K
  class space    used 5915K, capacity 6393K, committed 6400K, reserved 1048576K
GC Heap History (10 events):
Event: 1.566 GC heap before
{Heap before GC invocations=1 (full 0):
 garbage-first heap   total 260096K, used 105818K [0x0000000080000000, 0x0000000100000000)
  region size 1024K, 97 young (99328K), 3 survivors (3072K)
 Metaspace       used 20170K, capacity 20742K, committed 20864K, reserved 1067008K
  class space    used 2466K, capacity 2659K, committed 2688K, reserved 1048576K
}
Event: 1.571 GC heap after
{Heap after GC invocations=2 (full 0):
 garbage-first heap   total 260096K, used 16600K [0x0000000080000000, 0x0000000100000000)
  region size 1024K, 10 young (10240K), 10 survivors (10240K)
 Metaspace       used 20170K, capacity 20742K, committed 20864K, reserved 1067008K
  class space    used 2466K, capacity 2659K, committed 2688K, reserved 1048576K
}
Event: 1.599 GC heap before
{Heap before GC invocations=2 (full 0):
 garbage-first heap   total 260096K, used 19672K [0x0000000080000000, 0x0000000100000000)
  region size 1024K, 14 young (14336K), 10 survivors (10240K)
 Metaspace       used 20550K, capacity 21126K, committed 21248K, reserved 1067008K
  class space    used 2525K, capacity 2704K, committed 2816K, reserved 1048576K
}
Event: 1.604 GC heap after
{Heap after GC invocations=3 (full 0):
 garbage-first heap   total 260096K, used 17168K [0x0000000080000000, 0x0000000100000000)
  region size 1024K, 8 young (8192K), 8 survivors (8192K)
 Metaspace       used 20550K, capacity 21126K, committed 21248K, reserved 1067008K
  class space    used 2525K, capacity 2704K, committed 2816K, reserved 1048576K
}
Event: 1.942 GC heap before
{Heap before GC invocations=4 (full 0):
 garbage-first heap   total 260096K, used 67344K [0x0000000080000000, 0x0000000100000000)
  region size 1024K, 57 young (58368K), 8 survivors (8192K)
 Metaspace       used 25412K, capacity 26072K, committed 26112K, reserved 1071104K
  class space    used 3335K, capacity 3570K, committed 3584K, reserved 1048576K
}
Event: 1.946 GC heap after
{Heap after GC invocations=5 (full 0):
 garbage-first heap   total 260096K, used 18787K [0x0000000080000000, 0x0000000100000000)
  region size 1024K, 3 young (3072K), 3 survivors (3072K)
 Metaspace       used 25412K, capacity 26072K, committed 26112K, reserved 1071104K
  class space    used 3335K, capacity 3570K, committed 3584K, reserved 1048576K
}
Event: 2.561 GC heap before
{Heap before GC invocations=5 (full 0):
 garbage-first heap   total 260096K, used 80227K [0x0000000080000000, 0x0000000100000000)
  region size 1024K, 65 young (66560K), 3 survivors (3072K)
 Metaspace       used 35005K, capacity 35818K, committed 35840K, reserved 1081344K
  class space    used 4529K, capacity 4847K, committed 4864K, reserved 1048576K
}
Event: 2.566 GC heap after
{Heap after GC invocations=6 (full 0):
 garbage-first heap   total 260096K, used 23598K [0x0000000080000000, 0x0000000100000000)
  region size 1024K, 8 young (8192K), 8 survivors (8192K)
 Metaspace       used 35005K, capacity 35818K, committed 35840K, reserved 1081344K
  class space    used 4529K, capacity 4847K, committed 4864K, reserved 1048576K
}
Event: 3.375 GC heap before
{Heap before GC invocations=7 (full 0):
 garbage-first heap   total 260096K, used 140334K [0x0000000080000000, 0x0000000100000000)
  region size 1024K, 119 young (121856K), 8 survivors (8192K)
 Metaspace       used 43469K, capacity 44565K, committed 44672K, reserved 1087488K
  class space    used 5599K, capacity 5946K, committed 6016K, reserved 1048576K
}
Event: 3.381 GC heap after
{Heap after GC invocations=8 (full 0):
 garbage-first heap   total 260096K, used 28033K [0x0000000080000000, 0x0000000100000000)
  region size 1024K, 12 young (12288K), 12 survivors (12288K)
 Metaspace       used 43469K, capacity 44565K, committed 44672K, reserved 1087488K
  class space    used 5599K, capacity 5946K, committed 6016K, reserved 1048576K
}

