# JRE version: OpenJDK Runtime Environment (11.0.10) (build 11.0.10+0-b96-7249189)
# Java VM: OpenJDK 64-Bit Server VM (11.0.10+0-b96-7249189, mixed mode, tiered, compressed oops, g1 gc, windows-amd64)
Heap:
 garbage-first heap   total 331776K, used 203264K [0x0000000080000000, 0x0000000100000000)
  region size 1024K, 5 young (5120K), 5 survivors (5120K)
 Metaspace       used 101043K, capacity 103319K, committed 104268K, reserved 1138688K
  class space    used 13152K, capacity 14059K, committed 14412K, reserved 1048576K
GC Heap History (20 events):
Event: 4.160 GC heap after
{Heap after GC invocations=8 (full 0):
 garbage-first heap   total 260096K, used 48205K [0x0000000080000000, 0x0000000100000000)
  region size 1024K, 18 young (18432K), 18 survivors (18432K)
 Metaspace       used 55939K, capacity 57351K, committed 57548K, reserved 1099776K
  class space    used 7064K, capacity 7574K, committed 7628K, reserved 1048576K
}
Event: 4.340 GC heap before
{Heap before GC invocations=8 (full 0):
 garbage-first heap   total 260096K, used 64589K [0x0000000080000000, 0x0000000100000000)
  region size 1024K, 35 young (35840K), 18 survivors (18432K)
 Metaspace       used 58743K, capacity 60211K, committed 60236K, reserved 1101824K
  class space    used 7422K, capacity 7989K, committed 8012K, reserved 1048576K
}
Event: 4.359 GC heap after
{Heap after GC invocations=9 (full 0):
 garbage-first heap   total 260096K, used 50566K [0x0000000080000000, 0x0000000100000000)
  region size 1024K, 3 young (3072K), 3 survivors (3072K)
 Metaspace       used 58743K, capacity 60211K, committed 60236K, reserved 1101824K
  class space    used 7422K, capacity 7989K, committed 8012K, reserved 1048576K
}
Event: 5.129 GC heap before
{Heap before GC invocations=10 (full 0):
 garbage-first heap   total 260096K, used 163206K [0x0000000080000000, 0x0000000100000000)
  region size 1024K, 113 young (115712K), 3 survivors (3072K)
 Metaspace       used 67286K, capacity 68853K, committed 69068K, reserved 1110016K
  class space    used 8492K, capacity 9060K, committed 9164K, reserved 1048576K
}
Event: 5.138 GC heap after
{Heap after GC invocations=11 (full 0):
 garbage-first heap   total 260096K, used 58087K [0x0000000080000000, 0x0000000100000000)
  region size 1024K, 10 young (10240K), 10 survivors (10240K)
 Metaspace       used 67286K, capacity 68853K, committed 69068K, reserved 1110016K
  class space    used 8492K, capacity 9060K, committed 9164K, reserved 1048576K
}
Event: 6.156 GC heap before
{Heap before GC invocations=12 (full 0):
 garbage-first heap   total 260096K, used 178919K [0x0000000080000000, 0x0000000100000000)
  region size 1024K, 122 young (124928K), 10 survivors (10240K)
 Metaspace       used 79900K, capacity 81605K, committed 81740K, reserved 1120256K
  class space    used 10329K, capacity 10966K, committed 11084K, reserved 1048576K
}
Event: 6.165 GC heap after
{Heap after GC invocations=13 (full 0):
 garbage-first heap   total 260096K, used 64672K [0x0000000080000000, 0x0000000100000000)
  region size 1024K, 7 young (7168K), 7 survivors (7168K)
 Metaspace       used 79900K, capacity 81605K, committed 81740K, reserved 1120256K
  class space    used 10329K, capacity 10966K, committed 11084K, reserved 1048576K
}
Event: 7.045 GC heap before
{Heap before GC invocations=13 (full 0):
 garbage-first heap   total 260096K, used 180384K [0x0000000080000000, 0x0000000100000000)
  region size 1024K, 121 young (123904K), 7 survivors (7168K)
 Metaspace       used 86935K, capacity 89201K, committed 89420K, reserved 1126400K
  class space    used 11232K, capacity 12091K, committed 12108K, reserved 1048576K
}
Event: 7.054 GC heap after
{Heap after GC invocations=14 (full 0):
 garbage-first heap   total 260096K, used 74271K [0x0000000080000000, 0x0000000100000000)
  region size 1024K, 16 young (16384K), 16 survivors (16384K)
 Metaspace       used 86935K, capacity 89201K, committed 89420K, reserved 1126400K
  class space    used 11232K, capacity 12091K, committed 12108K, reserved 1048576K
}
Event: 7.690 GC heap before
{Heap before GC invocations=14 (full 0):
 garbage-first heap   total 260096K, used 187935K [0x0000000080000000, 0x0000000100000000)
  region size 1024K, 128 young (131072K), 16 survivors (16384K)
 Metaspace       used 89346K, capacity 91733K, committed 91852K, reserved 1128448K
  class space    used 11489K, capacity 12382K, committed 12492K, reserved 1048576K
}
Event: 7.702 GC heap after
{Heap after GC invocations=15 (full 0):
 garbage-first heap   total 260096K, used 81723K [0x0000000080000000, 0x0000000100000000)
  region size 1024K, 8 young (8192K), 8 survivors (8192K)
 Metaspace       used 89346K, capacity 91733K, committed 91852K, reserved 1128448K
  class space    used 11489K, capacity 12382K, committed 12492K, reserved 1048576K
}
Event: 8.328 GC heap before
{Heap before GC invocations=15 (full 0):
 garbage-first heap   total 260096K, used 193339K [0x0000000080000000, 0x0000000100000000)
  region size 1024K, 118 young (120832K), 8 survivors (8192K)
 Metaspace       used 93855K, capacity 96146K, committed 96460K, reserved 1132544K
  class space    used 12023K, capacity 12885K, committed 13004K, reserved 1048576K
}
Event: 8.336 GC heap after
{Heap after GC invocations=16 (full 0):
 garbage-first heap   total 260096K, used 87393K [0x0000000080000000, 0x0000000100000000)
  region size 1024K, 14 young (14336K), 14 survivors (14336K)
 Metaspace       used 93855K, capacity 96146K, committed 96460K, reserved 1132544K
  class space    used 12023K, capacity 12885K, committed 13004K, reserved 1048576K
}
Event: 8.824 GC heap before
{Heap before GC invocations=16 (full 0):
 garbage-first heap   total 260096K, used 232801K [0x0000000080000000, 0x0000000100000000)
  region size 1024K, 123 young (125952K), 14 survivors (14336K)
 Metaspace       used 97247K, capacity 99623K, committed 99788K, reserved 1136640K
  class space    used 12507K, capacity 13422K, committed 13516K, reserved 1048576K
}
Event: 8.843 GC heap after
{Heap after GC invocations=17 (full 0):
 garbage-first heap   total 273408K, used 136136K [0x0000000080000000, 0x0000000100000000)
  region size 1024K, 16 young (16384K), 16 survivors (16384K)
 Metaspace       used 97247K, capacity 99623K, committed 99788K, reserved 1136640K
  class space    used 12507K, capacity 13422K, committed 13516K, reserved 1048576K
}
Event: 9.098 GC heap before
{Heap before GC invocations=17 (full 0):
 garbage-first heap   total 273408K, used 209864K [0x0000000080000000, 0x0000000100000000)
  region size 1024K, 88 young (90112K), 16 survivors (16384K)
 Metaspace       used 99682K, capacity 102131K, committed 102348K, reserved 1138688K
  class space    used 13028K, capacity 13997K, committed 14028K, reserved 1048576K
}
Event: 9.129 GC heap after
{Heap after GC invocations=18 (full 0):
 garbage-first heap   total 273408K, used 170981K [0x0000000080000000, 0x0000000100000000)
  region size 1024K, 11 young (11264K), 11 survivors (11264K)
 Metaspace       used 99682K, capacity 102131K, committed 102348K, reserved 1138688K
  class space    used 13028K, capacity 13997K, committed 14028K, reserved 1048576K
}
Event: 9.216 GC heap before
{Heap before GC invocations=18 (full 0):
 garbage-first heap   total 273408K, used 212965K [0x0000000080000000, 0x0000000100000000)
  region size 1024K, 52 young (53248K), 11 survivors (11264K)
 Metaspace       used 99695K, capacity 102195K, committed 102348K, reserved 1138688K
  class space    used 13028K, capacity 13997K, committed 14028K, reserved 1048576K
}
Event: 9.240 GC heap after
{Heap after GC invocations=19 (full 0):
 garbage-first heap   total 273408K, used 193536K [0x0000000080000000, 0x0000000100000000)
  region size 1024K, 7 young (7168K), 7 survivors (7168K)
 Metaspace       used 99695K, capacity 102195K, committed 102348K, reserved 1138688K
  class space    used 13028K, capacity 13997K, committed 14028K, reserved 1048576K
}
Event: 9.459 GC heap before
{Heap before GC invocations=19 (full 0):
 garbage-first heap   total 273408K, used 219136K [0x0000000080000000, 0x0000000100000000)
  region size 1024K, 33 young (33792K), 7 survivors (7168K)
 Metaspace       used 101043K, capacity 103319K, committed 104268K, reserved 1138688K
  class space    used 13152K, capacity 14059K, committed 14412K, reserved 1048576K
}

