# JRE version: Java(TM) SE Runtime Environment 18.9 (11.0.13+10) (build 11.0.13+10-LTS-370)
# Java VM: Java HotSpot(TM) 64-Bit Server VM 18.9 (11.0.13+10-LTS-370, mixed mode, tiered, compressed oops, g1 gc, windows-amd64)
Heap:
 garbage-first heap   total 312320K, used 193536K [0x0000000080000000, 0x0000000100000000)
  region size 1024K, 5 young (5120K), 5 survivors (5120K)
 Metaspace       used 95965K, capacity 98418K, committed 98688K, reserved 1134592K
  class space    used 12611K, capacity 13579K, committed 13696K, reserved 1048576K
GC Heap History (10 events):
Event: 7.566 GC heap after
{Heap after GC invocations=15 (full 0):
 garbage-first heap   total 260096K, used 77374K [0x0000000080000000, 0x0000000100000000)
  region size 1024K, 8 young (8192K), 8 survivors (8192K)
 Metaspace       used 85760K, capacity 88005K, committed 88320K, reserved 1126400K
  class space    used 11099K, capacity 11933K, committed 12032K, reserved 1048576K
}
Event: 8.097 GC heap before
{Heap before GC invocations=15 (full 0):
 garbage-first heap   total 260096K, used 176702K [0x0000000080000000, 0x0000000100000000)
  region size 1024K, 106 young (108544K), 8 survivors (8192K)
 Metaspace       used 87812K, capacity 90112K, committed 90368K, reserved 1128448K
  class space    used 11348K, capacity 12234K, committed 12288K, reserved 1048576K
}
Event: 8.105 GC heap after
{Heap after GC invocations=16 (full 0):
 garbage-first heap   total 260096K, used 81749K [0x0000000080000000, 0x0000000100000000)
  region size 1024K, 12 young (12288K), 12 survivors (12288K)
 Metaspace       used 87812K, capacity 90112K, committed 90368K, reserved 1128448K
  class space    used 11348K, capacity 12234K, committed 12288K, reserved 1048576K
}
Event: 8.715 GC heap before
{Heap before GC invocations=16 (full 0):
 garbage-first heap   total 260096K, used 216917K [0x0000000080000000, 0x0000000100000000)
  region size 1024K, 112 young (114688K), 12 survivors (12288K)
 Metaspace       used 93586K, capacity 96013K, committed 96256K, reserved 1132544K
  class space    used 12111K, capacity 13042K, committed 13056K, reserved 1048576K
}
Event: 8.726 GC heap after
{Heap after GC invocations=17 (full 0):
 garbage-first heap   total 260096K, used 120746K [0x0000000080000000, 0x0000000100000000)
  region size 1024K, 14 young (14336K), 14 survivors (14336K)
 Metaspace       used 93586K, capacity 96013K, committed 96256K, reserved 1132544K
  class space    used 12111K, capacity 13042K, committed 13056K, reserved 1048576K
}
Event: 9.097 GC heap before
{Heap before GC invocations=17 (full 0):
 garbage-first heap   total 260096K, used 198570K [0x0000000080000000, 0x0000000100000000)
  region size 1024K, 89 young (91136K), 14 survivors (14336K)
 Metaspace       used 95825K, capacity 98337K, committed 98688K, reserved 1134592K
  class space    used 12611K, capacity 13579K, committed 13696K, reserved 1048576K
}
Event: 9.126 GC heap after
{Heap after GC invocations=18 (full 0):
 garbage-first heap   total 260096K, used 152991K [0x0000000080000000, 0x0000000100000000)
  region size 1024K, 12 young (12288K), 12 survivors (12288K)
 Metaspace       used 95825K, capacity 98337K, committed 98688K, reserved 1134592K
  class space    used 12611K, capacity 13579K, committed 13696K, reserved 1048576K
}
Event: 9.243 GC heap before
{Heap before GC invocations=18 (full 0):
 garbage-first heap   total 260096K, used 199071K [0x0000000080000000, 0x0000000100000000)
  region size 1024K, 58 young (59392K), 12 survivors (12288K)
 Metaspace       used 95957K, capacity 98418K, committed 98688K, reserved 1134592K
  class space    used 12611K, capacity 13579K, committed 13696K, reserved 1048576K
}
Event: 9.272 GC heap after
{Heap after GC invocations=19 (full 0):
 garbage-first heap   total 260096K, used 178176K [0x0000000080000000, 0x0000000100000000)
  region size 1024K, 8 young (8192K), 8 survivors (8192K)
 Metaspace       used 95957K, capacity 98418K, committed 98688K, reserved 1134592K
  class space    used 12611K, capacity 13579K, committed 13696K, reserved 1048576K
}
Event: 9.386 GC heap before
{Heap before GC invocations=19 (full 0):
 garbage-first heap   total 260096K, used 205824K [0x0000000080000000, 0x0000000100000000)
  region size 1024K, 36 young (36864K), 8 survivors (8192K)
 Metaspace       used 95965K, capacity 98418K, committed 98688K, reserved 1134592K
  class space    used 12611K, capacity 13579K, committed 13696K, reserved 1048576K
}

