# JRE version: Java(TM) SE Runtime Environment 18.9 (11.0.13+10) (build 11.0.13+10-LTS-370)
# Java VM: Java HotSpot(TM) 64-Bit Server VM 18.9 (11.0.13+10-LTS-370, mixed mode, tiered, compressed oops, g1 gc, windows-amd64)
Heap:
 garbage-first heap   total 260096K, used 54696K [0x0000000080000000, 0x0000000100000000)
  region size 1024K, 26 young (26624K), 19 survivors (19456K)
 Metaspace       used 57774K, capacity 59248K, committed 59392K, reserved 1101824K
  class space    used 7324K, capacity 7880K, committed 7936K, reserved 1048576K
GC Heap History (10 events):
Event: 3.011 GC heap before
{Heap before GC invocations=3 (full 0):
 garbage-first heap   total 260096K, used 40498K [0x0000000080000000, 0x0000000100000000)
  region size 1024K, 31 young (31744K), 7 survivors (7168K)
 Metaspace       used 20572K, capacity 21110K, committed 21248K, reserved 1067008K
  class space    used 2527K, capacity 2704K, committed 2816K, reserved 1048576K
}
Event: 3.017 GC heap after
{Heap after GC invocations=4 (full 0):
 garbage-first heap   total 260096K, used 17419K [0x0000000080000000, 0x0000000100000000)
  region size 1024K, 1 young (1024K), 1 survivors (1024K)
 Metaspace       used 20572K, capacity 21110K, committed 21248K, reserved 1067008K
  class space    used 2527K, capacity 2704K, committed 2816K, reserved 1048576K
}
Event: 3.876 GC heap before
{Heap before GC invocations=5 (full 0):
 garbage-first heap   total 260096K, used 91147K [0x0000000080000000, 0x0000000100000000)
  region size 1024K, 73 young (74752K), 1 survivors (1024K)
 Metaspace       used 27309K, capacity 27971K, committed 28288K, reserved 1073152K
  class space    used 3635K, capacity 3869K, committed 3968K, reserved 1048576K
}
Event: 3.880 GC heap after
{Heap after GC invocations=6 (full 0):
 garbage-first heap   total 260096K, used 19683K [0x0000000080000000, 0x0000000100000000)
  region size 1024K, 4 young (4096K), 4 survivors (4096K)
 Metaspace       used 27309K, capacity 27971K, committed 28288K, reserved 1073152K
  class space    used 3635K, capacity 3869K, committed 3968K, reserved 1048576K
}
Event: 4.720 GC heap before
{Heap before GC invocations=6 (full 0):
 garbage-first heap   total 260096K, used 58595K [0x0000000080000000, 0x0000000100000000)
  region size 1024K, 44 young (45056K), 4 survivors (4096K)
 Metaspace       used 34981K, capacity 35767K, committed 35840K, reserved 1081344K
  class space    used 4527K, capacity 4814K, committed 4864K, reserved 1048576K
}
Event: 4.728 GC heap after
{Heap after GC invocations=7 (full 0):
 garbage-first heap   total 260096K, used 24214K [0x0000000080000000, 0x0000000100000000)
  region size 1024K, 8 young (8192K), 8 survivors (8192K)
 Metaspace       used 34981K, capacity 35767K, committed 35840K, reserved 1081344K
  class space    used 4527K, capacity 4814K, committed 4864K, reserved 1048576K
}
Event: 6.077 GC heap before
{Heap before GC invocations=8 (full 0):
 garbage-first heap   total 260096K, used 139926K [0x0000000080000000, 0x0000000100000000)
  region size 1024K, 118 young (120832K), 8 survivors (8192K)
 Metaspace       used 43314K, capacity 44350K, committed 44672K, reserved 1087488K
  class space    used 5579K, capacity 5942K, committed 6016K, reserved 1048576K
}
Event: 6.088 GC heap after
{Heap after GC invocations=9 (full 0):
 garbage-first heap   total 260096K, used 28856K [0x0000000080000000, 0x0000000100000000)
  region size 1024K, 12 young (12288K), 12 survivors (12288K)
 Metaspace       used 43314K, capacity 44350K, committed 44672K, reserved 1087488K
  class space    used 5579K, capacity 5942K, committed 6016K, reserved 1048576K
}
Event: 8.023 GC heap before
{Heap before GC invocations=9 (full 0):
 garbage-first heap   total 260096K, used 179384K [0x0000000080000000, 0x0000000100000000)
  region size 1024K, 152 young (155648K), 12 survivors (12288K)
 Metaspace       used 56452K, capacity 57956K, committed 58240K, reserved 1099776K
  class space    used 7148K, capacity 7683K, committed 7808K, reserved 1048576K
}
Event: 8.040 GC heap after
{Heap after GC invocations=10 (full 0):
 garbage-first heap   total 260096K, used 48552K [0x0000000080000000, 0x0000000100000000)
  region size 1024K, 19 young (19456K), 19 survivors (19456K)
 Metaspace       used 56452K, capacity 57956K, committed 58240K, reserved 1099776K
  class space    used 7148K, capacity 7683K, committed 7808K, reserved 1048576K
}

