# JRE version: Java(TM) SE Runtime Environment 18.9 (11.0.13+10) (build 11.0.13+10-LTS-370)
# Java VM: Java HotSpot(TM) 64-Bit Server VM 18.9 (11.0.13+10-LTS-370, mixed mode, tiered, compressed oops, g1 gc, windows-amd64)
Heap:
 garbage-first heap   total 431104K, used 310748K [0x0000000080000000, 0x0000000100000000)
  region size 1024K, 22 young (22528K), 2 survivors (2048K)
 Metaspace       used 108314K, capacity 111118K, committed 111360K, reserved 1144832K
  class space    used 14043K, capacity 15172K, committed 15360K, reserved 1048576K
GC Heap History (10 events):
Event: 11.102 GC heap before
{Heap before GC invocations=29 (full 0):
 garbage-first heap   total 361472K, used 243059K [0x0000000080000000, 0x0000000100000000)
  region size 1024K, 17 young (17408K), 8 survivors (8192K)
 Metaspace       used 106078K, capacity 108778K, committed 108928K, reserved 1142784K
  class space    used 13889K, capacity 14927K, committed 14976K, reserved 1048576K
}
Event: 11.109 GC heap after
{Heap after GC invocations=30 (full 0):
 garbage-first heap   total 361472K, used 232128K [0x0000000080000000, 0x0000000100000000)
  region size 1024K, 2 young (2048K), 2 survivors (2048K)
 Metaspace       used 106078K, capacity 108778K, committed 108928K, reserved 1142784K
  class space    used 13889K, capacity 14927K, committed 14976K, reserved 1048576K
}
Event: 11.299 GC heap before
{Heap before GC invocations=30 (full 0):
 garbage-first heap   total 361472K, used 289472K [0x0000000080000000, 0x0000000100000000)
  region size 1024K, 59 young (60416K), 2 survivors (2048K)
 Metaspace       used 107434K, capacity 110351K, committed 110464K, reserved 1144832K
  class space    used 14043K, capacity 15191K, committed 15232K, reserved 1048576K
}
Event: 11.305 GC heap after
{Heap after GC invocations=31 (full 0):
 garbage-first heap   total 361472K, used 242069K [0x0000000080000000, 0x0000000100000000)
  region size 1024K, 8 young (8192K), 8 survivors (8192K)
 Metaspace       used 107434K, capacity 110351K, committed 110464K, reserved 1144832K
  class space    used 14043K, capacity 15191K, committed 15232K, reserved 1048576K
}
Event: 11.574 GC heap before
{Heap before GC invocations=31 (full 0):
 garbage-first heap   total 361472K, used 297365K [0x0000000080000000, 0x0000000100000000)
  region size 1024K, 59 young (60416K), 8 survivors (8192K)
 Metaspace       used 107713K, capacity 110527K, committed 110976K, reserved 1144832K
  class space    used 14024K, capacity 15128K, committed 15232K, reserved 1048576K
}
Event: 11.582 GC heap after
{Heap after GC invocations=32 (full 0):
 garbage-first heap   total 431104K, used 248230K [0x0000000080000000, 0x0000000100000000)
  region size 1024K, 5 young (5120K), 5 survivors (5120K)
 Metaspace       used 107713K, capacity 110527K, committed 110976K, reserved 1144832K
  class space    used 14024K, capacity 15128K, committed 15232K, reserved 1048576K
}
Event: 11.851 GC heap before
{Heap before GC invocations=33 (full 0):
 garbage-first heap   total 431104K, used 331174K [0x0000000080000000, 0x0000000100000000)
  region size 1024K, 83 young (84992K), 5 survivors (5120K)
 Metaspace       used 108053K, capacity 110892K, committed 111232K, reserved 1144832K
  class space    used 14025K, capacity 15129K, committed 15232K, reserved 1048576K
}
Event: 11.862 GC heap after
{Heap after GC invocations=34 (full 0):
 garbage-first heap   total 431104K, used 259210K [0x0000000080000000, 0x0000000100000000)
  region size 1024K, 11 young (11264K), 11 survivors (11264K)
 Metaspace       used 108053K, capacity 110892K, committed 111232K, reserved 1144832K
  class space    used 14025K, capacity 15129K, committed 15232K, reserved 1048576K
}
Event: 12.071 GC heap before
{Heap before GC invocations=34 (full 0):
 garbage-first heap   total 431104K, used 349322K [0x0000000080000000, 0x0000000100000000)
  region size 1024K, 87 young (89088K), 11 survivors (11264K)
 Metaspace       used 108223K, capacity 111017K, committed 111232K, reserved 1144832K
  class space    used 14031K, capacity 15138K, committed 15232K, reserved 1048576K
}
Event: 12.077 GC heap after
{Heap after GC invocations=35 (full 0):
 garbage-first heap   total 431104K, used 270812K [0x0000000080000000, 0x0000000100000000)
  region size 1024K, 2 young (2048K), 2 survivors (2048K)
 Metaspace       used 108223K, capacity 111017K, committed 111232K, reserved 1144832K
  class space    used 14031K, capacity 15138K, committed 15232K, reserved 1048576K
}

