# JRE version: Java(TM) SE Runtime Environment 18.9 (11.0.13+10) (build 11.0.13+10-LTS-370)
# Java VM: Java HotSpot(TM) 64-Bit Server VM 18.9 (11.0.13+10-LTS-370, mixed mode, tiered, compressed oops, g1 gc, windows-amd64)
Heap:
 garbage-first heap   total 260096K, used 138548K [0x0000000080000000, 0x0000000100000000)
  region size 1024K, 83 young (84992K), 14 survivors (14336K)
 Metaspace       used 85172K, capacity 87383K, committed 87680K, reserved 1124352K
  class space    used 11029K, capacity 11836K, committed 11904K, reserved 1048576K
GC Heap History (10 events):
Event: 4.836 GC heap before
{Heap before GC invocations=7 (full 0):
 garbage-first heap   total 260096K, used 179438K [0x0000000080000000, 0x0000000100000000)
  region size 1024K, 152 young (155648K), 11 survivors (11264K)
 Metaspace       used 56303K, capacity 57700K, committed 57856K, reserved 1099776K
  class space    used 7125K, capacity 7618K, committed 7680K, reserved 1048576K
}
Event: 4.847 GC heap after
{Heap after GC invocations=8 (full 0):
 garbage-first heap   total 260096K, used 48092K [0x0000000080000000, 0x0000000100000000)
  region size 1024K, 19 young (19456K), 19 survivors (19456K)
 Metaspace       used 56303K, capacity 57700K, committed 57856K, reserved 1099776K
  class space    used 7125K, capacity 7618K, committed 7680K, reserved 1048576K
}
Event: 4.987 GC heap before
{Heap before GC invocations=8 (full 0):
 garbage-first heap   total 260096K, used 61404K [0x0000000080000000, 0x0000000100000000)
  region size 1024K, 33 young (33792K), 19 survivors (19456K)
 Metaspace       used 58547K, capacity 60011K, committed 60160K, reserved 1101824K
  class space    used 7413K, capacity 7963K, committed 8064K, reserved 1048576K
}
Event: 4.996 GC heap after
{Heap after GC invocations=9 (full 0):
 garbage-first heap   total 260096K, used 51642K [0x0000000080000000, 0x0000000100000000)
  region size 1024K, 4 young (4096K), 4 survivors (4096K)
 Metaspace       used 58547K, capacity 60011K, committed 60160K, reserved 1101824K
  class space    used 7413K, capacity 7963K, committed 8064K, reserved 1048576K
}
Event: 5.613 GC heap before
{Heap before GC invocations=10 (full 0):
 garbage-first heap   total 260096K, used 136634K [0x0000000080000000, 0x0000000100000000)
  region size 1024K, 87 young (89088K), 4 survivors (4096K)
 Metaspace       used 65738K, capacity 67296K, committed 67328K, reserved 1107968K
  class space    used 8341K, capacity 8947K, committed 8960K, reserved 1048576K
}
Event: 5.617 GC heap after
{Heap after GC invocations=11 (full 0):
 garbage-first heap   total 260096K, used 55484K [0x0000000080000000, 0x0000000100000000)
  region size 1024K, 8 young (8192K), 8 survivors (8192K)
 Metaspace       used 65738K, capacity 67296K, committed 67328K, reserved 1107968K
  class space    used 8341K, capacity 8947K, committed 8960K, reserved 1048576K
}
Event: 6.349 GC heap before
{Heap before GC invocations=12 (full 0):
 garbage-first heap   total 260096K, used 147644K [0x0000000080000000, 0x0000000100000000)
  region size 1024K, 98 young (100352K), 8 survivors (8192K)
 Metaspace       used 73658K, capacity 75332K, committed 75520K, reserved 1114112K
  class space    used 9523K, capacity 10170K, committed 10240K, reserved 1048576K
}
Event: 6.357 GC heap after
{Heap after GC invocations=13 (full 0):
 garbage-first heap   total 260096K, used 62648K [0x0000000080000000, 0x0000000100000000)
  region size 1024K, 13 young (13312K), 13 survivors (13312K)
 Metaspace       used 73658K, capacity 75332K, committed 75520K, reserved 1114112K
  class space    used 9523K, capacity 10170K, committed 10240K, reserved 1048576K
}
Event: 7.096 GC heap before
{Heap before GC invocations=13 (full 0):
 garbage-first heap   total 260096K, used 165048K [0x0000000080000000, 0x0000000100000000)
  region size 1024K, 108 young (110592K), 13 survivors (13312K)
 Metaspace       used 82587K, capacity 84446K, committed 84608K, reserved 1122304K
  class space    used 10636K, capacity 11323K, committed 11392K, reserved 1048576K
}
Event: 7.105 GC heap after
{Heap after GC invocations=14 (full 0):
 garbage-first heap   total 260096K, used 69940K [0x0000000080000000, 0x0000000100000000)
  region size 1024K, 14 young (14336K), 14 survivors (14336K)
 Metaspace       used 82587K, capacity 84446K, committed 84608K, reserved 1122304K
  class space    used 10636K, capacity 11323K, committed 11392K, reserved 1048576K
}

